<?xml version="1.0" encoding="UTF-8"?>
<testsuite name="com.ducatech.springboot.demo.MyCoolApp.MyCoolAppApplicationTests" tests="1" skipped="0" failures="0" errors="0" timestamp="2025-09-16T04:02:47.391Z" hostname="Macintosh.local" time="1.399">
  <properties/>
  <testcase name="contextLoads()" classname="com.ducatech.springboot.demo.MyCoolApp.MyCoolAppApplicationTests" time="1.399"/>
  <system-out><![CDATA[00:02:44.012 [Test worker] INFO org.springframework.test.context.support.AnnotationConfigContextLoaderUtils -- Could not detect default configuration classes for test class [com.ducatech.springboot.demo.MyCoolApp.MyCoolAppApplicationTests]: MyCoolAppApplicationTests does not declare any static, non-private, non-final, nested classes annotated with @Configuration.
00:02:44.323 [Test worker] INFO org.springframework.boot.test.context.SpringBootTestContextBootstrapper -- Found @SpringBootConfiguration com.ducatech.springboot.demo.MyCoolApp.MyCoolAppApplication for test class com.ducatech.springboot.demo.MyCoolApp.MyCoolAppApplicationTests

  .   ____          _            __ _ _
 /\\ / ___'_ __ _ _(_)_ __  __ _ \ \ \ \
( ( )\___ | '_ | '_| | '_ \/ _` | \ \ \ \
 \\/  ___)| |_)| | | | | || (_| |  ) ) ) )
  '  |____| .__|_| |_|_| |_\__, | / / / /
 =========|_|==============|___/=/_/_/_/

 :: Spring Boot ::                (v3.5.5)

2025-09-16T00:02:45.335-04:00  INFO 79711 --- [MyCoolApp] [    Test worker] c.d.s.d.M.MyCoolAppApplicationTests      : Starting MyCoolAppApplicationTests using Java 21.0.8 with PID 79711 (started by ducgiang in /Users/ducgiang/IdeaProjects/MyCoolApp)
2025-09-16T00:02:45.351-04:00  INFO 79711 --- [MyCoolApp] [    Test worker] c.d.s.d.M.MyCoolAppApplicationTests      : No active profile set, falling back to 1 default profile: "default"
2025-09-16T00:02:47.360-04:00  INFO 79711 --- [MyCoolApp] [    Test worker] c.d.s.d.M.MyCoolAppApplicationTests      : Started MyCoolAppApplicationTests in 2.76 seconds (process running for 4.988)
]]></system-out>
  <system-err><![CDATA[Mockito is currently self-attaching to enable the inline-mock-maker. This will no longer work in future releases of the JDK. Please add Mockito as an agent to your build as described in Mockito's documentation: https://javadoc.io/doc/org.mockito/mockito-core/latest/org.mockito/org/mockito/Mockito.html#0.3
WARNING: A Java agent has been loaded dynamically (/Users/ducgiang/.gradle/caches/modules-2/files-2.1/net.bytebuddy/byte-buddy-agent/1.17.7/fbf3d6d649ed37fc9e9c59480a05be0a26e3c2da/byte-buddy-agent-1.17.7.jar)
WARNING: If a serviceability tool is in use, please run with -XX:+EnableDynamicAgentLoading to hide this warning
WARNING: If a serviceability tool is not in use, please run with -Djdk.instrument.traceUsage for more information
WARNING: Dynamic loading of agents will be disallowed by default in a future release
]]></system-err>
</testsuite>
